# JRE version: Java(TM) SE Runtime Environment (21.0.11+9) (build 21.0.11+9-LTS-211)
# Java VM: Java HotSpot(TM) 64-Bit Server VM (21.0.11+9-LTS-211, mixed mode, sharing, tiered, compressed oops, compressed class ptrs, g1 gc, windows-amd64)
GC Precious Log:
 CardTable entry size: 512
 Card Set container configuration: InlinePtr #cards 5 size 8 Array Of Cards #cards 12 size 40 Howl #buckets 4 coarsen threshold 1843 Howl Bitmap #cards 512 size 80 coarsen threshold 460 Card regions per heap region 1 cards per card region 2048
 CPUs: 8 total, 8 available
 Memory: 7991M
 Large Page Support: Disabled
 NUMA Support: Disabled
 Compressed Oops: Enabled (32-bit)
 Heap Region Size: 1M
 Heap Min Capacity: 8M
 Heap Initial Capacity: 126M
 Heap Max Capacity: 1998M
 Pre-touch: Disabled
 Parallel Workers: 8
 Concurrent Workers: 2
 Concurrent Refinement Workers: 8
 Periodic GC: Disabled
Heap:
 garbage-first heap   total 132096K, used 99017K [0x0000000083200000, 0x0000000100000000)
  region size 1024K, 6 young (6144K), 5 survivors (5120K)
 Metaspace       used 21857K, committed 22272K, reserved 1114112K
  class space    used 3278K, committed 3456K, reserved 1048576K
GC Heap History (14 events):
Event: 0.760 GC heap before
{Heap before GC invocations=0 (full 0):
 garbage-first heap   total 129024K, used 22528K [0x0000000083200000, 0x0000000100000000)
  region size 1024K, 23 young (23552K), 0 survivors (0K)
 Metaspace       used 5300K, committed 5568K, reserved 1114112K
  class space    used 584K, committed 704K, reserved 1048576K
}
Event: 0.768 GC heap after
{Heap after GC invocations=1 (full 0):
 garbage-first heap   total 129024K, used 3072K [0x0000000083200000, 0x0000000100000000)
  region size 1024K, 3 young (3072K), 3 survivors (3072K)
 Metaspace       used 5300K, committed 5568K, reserved 1114112K
  class space    used 584K, committed 704K, reserved 1048576K
}
Event: 1.860 GC heap before
{Heap before GC invocations=1 (full 0):
 garbage-first heap   total 129024K, used 47104K [0x0000000083200000, 0x0000000100000000)
  region size 1024K, 37 young (37888K), 3 survivors (3072K)
 Metaspace       used 13690K, committed 14080K, reserved 1114112K
  class space    used 1872K, committed 2048K, reserved 1048576K
}
Event: 1.867 GC heap after
{Heap after GC invocations=2 (full 0):
 garbage-first heap   total 129024K, used 18081K [0x0000000083200000, 0x0000000100000000)
  region size 1024K, 5 young (5120K), 5 survivors (5120K)
 Metaspace       used 13690K, committed 14080K, reserved 1114112K
  class space    used 1872K, committed 2048K, reserved 1048576K
}
Event: 4.308 GC heap before
{Heap before GC invocations=2 (full 0):
 garbage-first heap   total 129024K, used 81569K [0x0000000083200000, 0x0000000100000000)
  region size 1024K, 24 young (24576K), 5 survivors (5120K)
 Metaspace       used 17273K, committed 17664K, reserved 1114112K
  class space    used 2480K, committed 2624K, reserved 1048576K
}
Event: 4.314 GC heap after
{Heap after GC invocations=3 (full 0):
 garbage-first heap   total 129024K, used 60008K [0x0000000083200000, 0x0000000100000000)
  region size 1024K, 7 young (7168K), 7 survivors (7168K)
 Metaspace       used 17273K, committed 17664K, reserved 1114112K
  class space    used 2480K, committed 2624K, reserved 1048576K
}
Event: 4.336 GC heap before
{Heap before GC invocations=3 (full 0):
 garbage-first heap   total 129024K, used 64104K [0x0000000083200000, 0x0000000100000000)
  region size 1024K, 8 young (8192K), 7 survivors (7168K)
 Metaspace       used 17301K, committed 17664K, reserved 1114112K
  class space    used 2480K, committed 2624K, reserved 1048576K
}
Event: 4.340 GC heap after
{Heap after GC invocations=4 (full 0):
 garbage-first heap   total 129024K, used 64466K [0x0000000083200000, 0x0000000100000000)
  region size 1024K, 3 young (3072K), 3 survivors (3072K)
 Metaspace       used 17301K, committed 17664K, reserved 1114112K
  class space    used 2480K, committed 2624K, reserved 1048576K
}
Event: 4.356 GC heap before
{Heap before GC invocations=5 (full 0):
 garbage-first heap   total 129024K, used 66514K [0x0000000083200000, 0x0000000100000000)
  region size 1024K, 4 young (4096K), 3 survivors (3072K)
 Metaspace       used 17301K, committed 17664K, reserved 1114112K
  class space    used 2480K, committed 2624K, reserved 1048576K
}
Event: 4.357 GC heap after
{Heap after GC invocations=6 (full 0):
 garbage-first heap   total 129024K, used 65604K [0x0000000083200000, 0x0000000100000000)
  region size 1024K, 2 young (2048K), 2 survivors (2048K)
 Metaspace       used 17301K, committed 17664K, reserved 1114112K
  class space    used 2480K, committed 2624K, reserved 1048576K
}
Event: 9.965 GC heap before
{Heap before GC invocations=7 (full 0):
 garbage-first heap   total 129024K, used 99396K [0x0000000083200000, 0x0000000100000000)
  region size 1024K, 34 young (34816K), 2 survivors (2048K)
 Metaspace       used 21527K, committed 21888K, reserved 1114112K
  class space    used 3251K, committed 3392K, reserved 1048576K
}
Event: 9.969 GC heap after
{Heap after GC invocations=8 (full 0):
 garbage-first heap   total 129024K, used 58254K [0x0000000083200000, 0x0000000100000000)
  region size 1024K, 5 young (5120K), 5 survivors (5120K)
 Metaspace       used 21527K, committed 21888K, reserved 1114112K
  class space    used 3251K, committed 3392K, reserved 1048576K
}
Event: 10.288 GC heap before
{Heap before GC invocations=8 (full 0):
 garbage-first heap   total 132096K, used 103310K [0x0000000083200000, 0x0000000100000000)
  region size 1024K, 13 young (13312K), 5 survivors (5120K)
 Metaspace       used 21848K, committed 22272K, reserved 1114112K
  class space    used 3278K, committed 3456K, reserved 1048576K
}
Event: 10.292 GC heap after
{Heap after GC invocations=9 (full 0):
 garbage-first heap   total 132096K, used 97993K [0x0000000083200000, 0x0000000100000000)
  region size 1024K, 5 young (5120K), 5 survivors (5120K)
 Metaspace       used 21848K, committed 22272K, reserved 1114112K
  class space    used 3278K, committed 3456K, reserved 1048576K
}

